<?xml version="1.0" encoding="UTF-8"?>
<testng-results ignored="0" total="1" passed="1" failed="0" skipped="0">
  <reporter-output>
  </reporter-output>
  <suite started-at="2022-04-26T07:24:03Z" name="Default suite" finished-at="2022-04-26T07:24:03Z" duration-ms="62">
    <groups>
    </groups>
    <test started-at="2022-04-26T07:24:03Z" name="Default test" finished-at="2022-04-26T07:24:03Z" duration-ms="62">
      <class name="mavenExecution.ReadDataFromCommandLineTest">
        <test-method signature="readDataFromCommandLineTest()[pri:0, instance:mavenExecution.ReadDataFromCommandLineTest@5454d35e]" started-at="2022-04-26T07:24:03Z" name="readDataFromCommandLineTest" finished-at="2022-04-26T07:24:03Z" duration-ms="15" status="PASS">
          <reporter-output>
          </reporter-output>
        </test-method> <!-- readDataFromCommandLineTest -->
      </class> <!-- mavenExecution.ReadDataFromCommandLineTest -->
    </test> <!-- Default test -->
  </suite> <!-- Default suite -->
</testng-results>
